2024-04-28 06:57:27,769 [INFO] Activator:176 - 


2024-04-28 06:57:27,773 [INFO] Activator:177 - !SESSION log4j initialized
2024-04-28 06:57:33,401 [INFO] LogOutputStream:77 - [STDOUT_REDIRECT] 
2024-04-28 06:57:52,053 [INFO] ApplicationProperties:184 - Using Application install path: C:\ST\STM32CubeIDE_1.15.0\STM32CubeIDE\plugins\com.st.stm32cube.common.mx_6.11.0.202403141607
2024-04-28 06:57:52,069 [INFO] DbMcusXml:78 - Set database path to: C:\ST\STM32CubeIDE_1.15.0\STM32CubeIDE\plugins\com.st.stm32cube.common.mx_6.11.0.202403141607\\db\/mcu/
2024-04-28 06:57:52,070 [INFO] ApiDb:274 - Set plugin database path to: C:\ST\STM32CubeIDE_1.15.0\STM32CubeIDE\plugins\com.st.stm32cube.common.mx_6.11.0.202403141607\\db\/plugins/boardmanager/
2024-04-28 06:57:52,070 [WARN] ApiDb:259 - Overriding images path with different value:  => C:\ST\STM32CubeIDE_1.15.0\STM32CubeIDE\plugins\com.st.stm32cube.common.mx_6.11.0.202403141607\\db\/plugins/mcufinder/images/
2024-04-28 06:57:52,079 [INFO] ApiDb:250 - Set database path to: C:\Users\jfarn\.stmcufinder\plugins\mcufinder//mcu/
2024-04-28 06:57:52,080 [INFO] DbMcusAds:125 - Set database path to: C:\Users\jfarn\.stmcufinder\plugins\mcufinder//mcu/
2024-04-28 06:57:52,081 [INFO] CrossReferenceDbSqlite:203 - Set database path to: C:\Users\jfarn\.stmcufinder\plugins\mcufinder//mcu/cs/
2024-04-28 06:57:52,165 [INFO] RulesReader:64 - Compatibility file has been processed (297 Rules)
2024-04-28 06:57:52,257 [INFO] DbMcusXml:78 - Set database path to: C:\ST\STM32CubeIDE_1.15.0\STM32CubeIDE\plugins\com.st.stm32cube.common.mx_6.11.0.202403141607\\db\/mcu/
2024-04-28 06:57:52,258 [INFO] ApiDb:274 - Set plugin database path to: C:\ST\STM32CubeIDE_1.15.0\STM32CubeIDE\plugins\com.st.stm32cube.common.mx_6.11.0.202403141607\\db\/plugins/boardmanager/
2024-04-28 06:57:52,258 [INFO] ApiDb:261 - Set plugin images path to: C:\ST\STM32CubeIDE_1.15.0\STM32CubeIDE\plugins\com.st.stm32cube.common.mx_6.11.0.202403141607\\db\/plugins/mcufinder/images/
2024-04-28 06:57:52,258 [WARN] DbFile:41 - Overriding database path with different value: C:\Users\jfarn\.stmcufinder\plugins\mcufinder/ => C:\Users\jfarn\.stmcufinder\plugins\mcufinder
2024-04-28 06:57:52,258 [INFO] ApiDb:250 - Set database path to: C:\Users\jfarn\.stmcufinder\plugins\mcufinder//mcu/
2024-04-28 06:57:52,258 [WARN] DbFile:41 - Overriding database path with different value: C:\Users\jfarn\.stmcufinder\plugins\mcufinder/ => C:\Users\jfarn\.stmcufinder\plugins\mcufinder
2024-04-28 06:57:52,258 [INFO] DbMcusAds:125 - Set database path to: C:\Users\jfarn\.stmcufinder\plugins\mcufinder//mcu/
2024-04-28 06:57:52,258 [WARN] DbFile:41 - Overriding database path with different value: C:\Users\jfarn\.stmcufinder\plugins\mcufinder/ => C:\Users\jfarn\.stmcufinder\plugins\mcufinder
2024-04-28 06:57:52,258 [WARN] DbFile:41 - Overriding database path with different value: C:\Users\jfarn\.stmcufinder\plugins\mcufinder/ => C:\Users\jfarn\.stmcufinder\plugins\mcufinder
2024-04-28 06:57:52,258 [INFO] CrossReferenceDbSqlite:203 - Set database path to: C:\Users\jfarn\.stmcufinder\plugins\mcufinder//mcu/cs/
2024-04-28 06:57:52,375 [INFO] MainPanel:264 - HeapMemory: 268435456
2024-04-28 06:57:52,547 [INFO] DbMcusXml:78 - Set database path to: C:\ST\STM32CubeIDE_1.15.0\STM32CubeIDE\plugins\com.st.stm32cube.common.mx_6.11.0.202403141607\\db\/mcu/
2024-04-28 06:57:52,547 [INFO] ApiDb:274 - Set plugin database path to: C:\ST\STM32CubeIDE_1.15.0\STM32CubeIDE\plugins\com.st.stm32cube.common.mx_6.11.0.202403141607\\db\/plugins/boardmanager/
2024-04-28 06:57:52,547 [INFO] ApiDb:261 - Set plugin images path to: C:\ST\STM32CubeIDE_1.15.0\STM32CubeIDE\plugins\com.st.stm32cube.common.mx_6.11.0.202403141607\\db\/plugins/mcufinder/images/
2024-04-28 06:57:52,548 [WARN] DbFile:41 - Overriding database path with different value: C:\Users\jfarn\.stmcufinder\plugins\mcufinder/ => C:\Users\jfarn\.stmcufinder\plugins\mcufinder
2024-04-28 06:57:52,548 [INFO] ApiDb:250 - Set database path to: C:\Users\jfarn\.stmcufinder\plugins\mcufinder//mcu/
2024-04-28 06:57:52,548 [WARN] DbFile:41 - Overriding database path with different value: C:\Users\jfarn\.stmcufinder\plugins\mcufinder/ => C:\Users\jfarn\.stmcufinder\plugins\mcufinder
2024-04-28 06:57:52,548 [INFO] DbMcusAds:125 - Set database path to: C:\Users\jfarn\.stmcufinder\plugins\mcufinder//mcu/
2024-04-28 06:57:52,548 [WARN] DbFile:41 - Overriding database path with different value: C:\Users\jfarn\.stmcufinder\plugins\mcufinder/ => C:\Users\jfarn\.stmcufinder\plugins\mcufinder
2024-04-28 06:57:52,548 [WARN] DbFile:41 - Overriding database path with different value: C:\Users\jfarn\.stmcufinder\plugins\mcufinder/ => C:\Users\jfarn\.stmcufinder\plugins\mcufinder
2024-04-28 06:57:52,548 [INFO] CrossReferenceDbSqlite:203 - Set database path to: C:\Users\jfarn\.stmcufinder\plugins\mcufinder//mcu/cs/
2024-04-28 06:57:52,565 [INFO] ApplicationProperties:184 - Using Application install path: C:\ST\STM32CubeIDE_1.15.0\STM32CubeIDE\plugins\com.st.stm32cube.common.mx_6.11.0.202403141607
2024-04-28 06:57:52,568 [INFO] PluginManage:196 - Search for loadable plugins [exclusion list=, ]
2024-04-28 06:57:52,569 [INFO] PluginManage:310 - Check plugin analytics
2024-04-28 06:57:57,691 [INFO] AnalyticsPlugin:253 - Accepted Software Licenses: 
2024-04-28 06:57:57,691 [INFO] AnalyticsPlugin:255 - Accepted CMSIS Pack Licenses: 
2024-04-28 06:57:57,691 [INFO] AnalyticsPlugin:257 - Accepted Firmware Licenses: 
2024-04-28 06:57:57,693 [INFO] PluginManage:359 - Loaded plugin analytics (category:tool,tabindex:-1)
2024-04-28 06:57:57,693 [INFO] PluginManage:310 - Check plugin cadmodel
2024-04-28 06:57:57,707 [INFO] CADModel:105 - Init CAD model plugin
2024-04-28 06:57:57,707 [INFO] PluginManage:359 - Loaded plugin cadmodel (category:power,tabindex:5)
2024-04-28 06:57:57,708 [INFO] PluginManage:310 - Check plugin clock
2024-04-28 06:57:57,728 [INFO] PluginManage:359 - Loaded plugin clock (category:base,tabindex:2)
2024-04-28 06:57:57,728 [INFO] PluginManage:310 - Check plugin ddr
2024-04-28 06:57:57,730 [INFO] PluginManage:359 - Loaded plugin ddr (category:tool,tabindex:6)
2024-04-28 06:57:57,730 [INFO] PluginManage:310 - Check plugin filemanager
2024-04-28 06:57:57,848 [INFO] PluginManage:359 - Loaded plugin filemanager (category:base,tabindex:10)
2024-04-28 06:57:57,848 [INFO] PluginManage:310 - Check plugin ipmanager
2024-04-28 06:57:57,854 [INFO] PluginManage:359 - Loaded plugin ipmanager (category:base,tabindex:5)
2024-04-28 06:57:57,854 [INFO] PluginManage:310 - Check plugin lpbam
2024-04-28 06:57:57,871 [INFO] PluginManage:359 - Loaded plugin lpbam (category:base,tabindex:0)
2024-04-28 06:57:57,871 [INFO] PluginManage:310 - Check plugin memorymap
2024-04-28 06:57:57,897 [INFO] PluginManage:359 - Loaded plugin memorymap (category:base,tabindex:4)
2024-04-28 06:57:57,897 [INFO] PluginManage:310 - Check plugin pinoutandconfiguration
2024-04-28 06:57:57,913 [INFO] PluginManage:359 - Loaded plugin pinoutandconfiguration (category:base,tabindex:1)
2024-04-28 06:57:57,913 [INFO] PluginManage:310 - Check plugin pinoutconfig
2024-04-28 06:57:57,986 [WARN] SupportedApi:132 - Cannot load RTOS API schema: s4s-elt-must-match.1: The content of 'definitions' must match (annotation?, (simpleType | complexType)?, (unique | key | keyref)*)). A problem was found starting at: attribute.
2024-04-28 06:57:58,090 [INFO] PluginManage:359 - Loaded plugin pinoutconfig (category:base,tabindex:0)
2024-04-28 06:57:58,091 [INFO] PluginManage:310 - Check plugin power
2024-04-28 06:57:58,107 [INFO] PluginManage:359 - Loaded plugin power (category:power,tabindex:4)
2024-04-28 06:57:58,108 [INFO] PluginManage:310 - Check plugin projectmanager
2024-04-28 06:57:58,119 [INFO] PluginManage:359 - Loaded plugin projectmanager (category:projectmanager,tabindex:3)
2024-04-28 06:57:58,119 [INFO] PluginManage:310 - Check plugin thirdparty
2024-04-28 06:57:58,343 [INFO] PluginManage:359 - Loaded plugin thirdparty (category:base,tabindex:-1)
2024-04-28 06:57:58,344 [INFO] PluginManage:310 - Check plugin tools
2024-04-28 06:57:58,344 [WARN] IntegrityCheckThread:84 - waiting for thirdparty lock release [integrity check]
2024-04-28 06:57:58,344 [INFO] IntegrityCheckThread:86 - entering critical section [integrity check]
2024-04-28 06:57:58,344 [INFO] ThirdPartyUpdaterWithRetryManager:70 - Updater plugin not ready yet. [1/15]
2024-04-28 06:57:58,368 [INFO] PluginManage:359 - Loaded plugin tools (category:base,tabindex:7)
2024-04-28 06:57:58,368 [INFO] PluginManage:310 - Check plugin tutovideos
2024-04-28 06:57:58,522 [INFO] PluginManage:359 - Loaded plugin tutovideos (category:base,tabindex:-1)
2024-04-28 06:57:58,522 [INFO] PluginManage:310 - Check plugin updater
2024-04-28 06:57:58,530 [INFO] PluginManage:359 - Loaded plugin updater (category:base,tabindex:12)
2024-04-28 06:57:58,531 [INFO] PluginManage:310 - Check plugin userauth
2024-04-28 06:57:58,535 [INFO] UserAuth:114 - Init User Auth plugin
2024-04-28 06:57:58,535 [INFO] PluginManage:359 - Loaded plugin userauth (category:base,tabindex:14)
2024-04-28 06:57:58,535 [INFO] PluginManage:283 - PluginManage : Loaded plugins [17]
2024-04-28 06:57:58,710 [INFO] PinOutPanel:1561 - setPackage(No Configuration,No Configuration)
2024-04-28 06:57:58,773 [INFO] CADModel:165 - CPN selected for project level
2024-04-28 06:57:58,773 [INFO] CADModel:114 - Register for checkConnection events
2024-04-28 06:57:58,795 [INFO] IPUIPlugin:80 - create IPUIPlugin
2024-04-28 06:57:58,796 [INFO] PluginManager:220 - loadIPPluginJar : add adc
2024-04-28 06:57:58,823 [INFO] IPUIPlugin:80 - create IPUIPlugin
2024-04-28 06:57:58,823 [INFO] PluginManager:220 - loadIPPluginJar : add aes
2024-04-28 06:57:58,852 [INFO] IPUIPlugin:80 - create IPUIPlugin
2024-04-28 06:57:58,852 [INFO] PluginManager:220 - loadIPPluginJar : add can
2024-04-28 06:57:58,870 [INFO] IPUIPlugin:80 - create IPUIPlugin
2024-04-28 06:57:58,870 [INFO] PluginManager:220 - loadIPPluginJar : add comp
2024-04-28 06:57:58,894 [INFO] IPUIPlugin:80 - create IPUIPlugin
2024-04-28 06:57:58,894 [INFO] PluginManager:220 - loadIPPluginJar : add cryp
2024-04-28 06:57:58,916 [INFO] IPUIPlugin:80 - create IPUIPlugin
2024-04-28 06:57:58,916 [INFO] PluginManager:220 - loadIPPluginJar : add dfsdm
2024-04-28 06:57:58,927 [INFO] IPUIPlugin:80 - create IPUIPlugin
2024-04-28 06:57:58,927 [INFO] PluginManager:220 - loadIPPluginJar : add dma
2024-04-28 06:57:58,964 [INFO] IPUIPlugin:80 - create IPUIPlugin
2024-04-28 06:57:58,964 [INFO] PluginManager:220 - loadIPPluginJar : add dma3
2024-04-28 06:57:59,000 [INFO] IPUIPlugin:80 - create IPUIPlugin
2024-04-28 06:57:59,000 [INFO] PluginManager:220 - loadIPPluginJar : add extmemmanager
2024-04-28 06:57:59,016 [INFO] IPUIPlugin:80 - create IPUIPlugin
2024-04-28 06:57:59,016 [INFO] PluginManager:220 - loadIPPluginJar : add fatfs
2024-04-28 06:57:59,049 [INFO] IPUIPlugin:80 - create IPUIPlugin
2024-04-28 06:57:59,050 [INFO] PluginManager:220 - loadIPPluginJar : add fmc
2024-04-28 06:57:59,062 [INFO] IPUIPlugin:80 - create IPUIPlugin
2024-04-28 06:57:59,063 [INFO] PluginManager:220 - loadIPPluginJar : add freertos
2024-04-28 06:57:59,078 [INFO] IPUIPlugin:80 - create IPUIPlugin
2024-04-28 06:57:59,079 [INFO] PluginManager:220 - loadIPPluginJar : add genericplugin
2024-04-28 06:57:59,149 [INFO] IPUIPlugin:80 - create IPUIPlugin
2024-04-28 06:57:59,149 [INFO] PluginManager:220 - loadIPPluginJar : add gfxmmu
2024-04-28 06:57:59,238 [INFO] IPUIPlugin:80 - create IPUIPlugin
2024-04-28 06:57:59,238 [INFO] PluginManager:220 - loadIPPluginJar : add gic
2024-04-28 06:57:59,249 [INFO] IPUIPlugin:80 - create IPUIPlugin
2024-04-28 06:57:59,249 [INFO] PluginManager:220 - loadIPPluginJar : add gpio
2024-04-28 06:57:59,315 [INFO] IPUIPlugin:80 - create IPUIPlugin
2024-04-28 06:57:59,315 [INFO] PluginManager:220 - loadIPPluginJar : add gtzc
2024-04-28 06:57:59,340 [INFO] IPUIPlugin:80 - create IPUIPlugin
2024-04-28 06:57:59,340 [INFO] PluginManager:220 - loadIPPluginJar : add hash
2024-04-28 06:57:59,384 [INFO] IPUIPlugin:80 - create IPUIPlugin
2024-04-28 06:57:59,385 [INFO] PluginManager:220 - loadIPPluginJar : add i2c
2024-04-28 06:57:59,413 [INFO] IPUIPlugin:80 - create IPUIPlugin
2024-04-28 06:57:59,413 [INFO] PluginManager:220 - loadIPPluginJar : add i2s
2024-04-28 06:57:59,445 [INFO] IPUIPlugin:80 - create IPUIPlugin
2024-04-28 06:57:59,445 [INFO] PluginManager:220 - loadIPPluginJar : add i3c
2024-04-28 06:57:59,520 [INFO] IPUIPlugin:80 - create IPUIPlugin
2024-04-28 06:57:59,520 [INFO] PluginManager:220 - loadIPPluginJar : add ipddr
2024-04-28 06:57:59,584 [INFO] IPUIPlugin:80 - create IPUIPlugin
2024-04-28 06:57:59,584 [INFO] PluginManager:220 - loadIPPluginJar : add linkedlist
2024-04-28 06:57:59,611 [INFO] IPUIPlugin:80 - create IPUIPlugin
2024-04-28 06:57:59,611 [INFO] PluginManager:220 - loadIPPluginJar : add lorawan
2024-04-28 06:57:59,638 [INFO] IPUIPlugin:80 - create IPUIPlugin
2024-04-28 06:57:59,638 [INFO] PluginManager:220 - loadIPPluginJar : add ltdc
2024-04-28 06:57:59,651 [INFO] IPUIPlugin:80 - create IPUIPlugin
2024-04-28 06:57:59,651 [INFO] PluginManager:220 - loadIPPluginJar : add mdma
2024-04-28 06:57:59,660 [INFO] IPUIPlugin:80 - create IPUIPlugin
2024-04-28 06:57:59,660 [INFO] PluginManager:220 - loadIPPluginJar : add nvic
2024-04-28 06:57:59,687 [INFO] IPUIPlugin:80 - create IPUIPlugin
2024-04-28 06:57:59,687 [INFO] PluginManager:220 - loadIPPluginJar : add opamp
2024-04-28 06:57:59,732 [INFO] IPUIPlugin:80 - create IPUIPlugin
2024-04-28 06:57:59,732 [INFO] PluginManager:220 - loadIPPluginJar : add openamp
2024-04-28 06:57:59,763 [INFO] IPUIPlugin:80 - create IPUIPlugin
2024-04-28 06:57:59,763 [INFO] PluginManager:220 - loadIPPluginJar : add pdm2pcm
2024-04-28 06:57:59,775 [INFO] IPUIPlugin:80 - create IPUIPlugin
2024-04-28 06:57:59,777 [INFO] PluginManager:220 - loadIPPluginJar : add plateformsettings
2024-04-28 06:57:59,795 [INFO] IPUIPlugin:80 - create IPUIPlugin
2024-04-28 06:57:59,795 [INFO] PluginManager:220 - loadIPPluginJar : add quadspi
2024-04-28 06:57:59,805 [INFO] IPUIPlugin:80 - create IPUIPlugin
2024-04-28 06:57:59,806 [INFO] PluginManager:220 - loadIPPluginJar : add resmgrutility
2024-04-28 06:57:59,848 [INFO] IPUIPlugin:80 - create IPUIPlugin
2024-04-28 06:57:59,848 [INFO] PluginManager:220 - loadIPPluginJar : add sai
2024-04-28 06:57:59,874 [INFO] IPUIPlugin:80 - create IPUIPlugin
2024-04-28 06:57:59,874 [INFO] PluginManager:220 - loadIPPluginJar : add spi
2024-04-28 06:57:59,922 [INFO] IPUIPlugin:80 - create IPUIPlugin
2024-04-28 06:57:59,922 [INFO] PluginManager:220 - loadIPPluginJar : add stm32_wpan
2024-04-28 06:57:59,940 [INFO] IPUIPlugin:80 - create IPUIPlugin
2024-04-28 06:57:59,940 [INFO] PluginManager:220 - loadIPPluginJar : add tim
2024-04-28 06:57:59,989 [INFO] IPUIPlugin:80 - create IPUIPlugin
2024-04-28 06:57:59,989 [INFO] PluginManager:220 - loadIPPluginJar : add touchsensing
2024-04-28 06:58:00,008 [INFO] IPUIPlugin:80 - create IPUIPlugin
2024-04-28 06:58:00,008 [INFO] PluginManager:220 - loadIPPluginJar : add tracer_emb
2024-04-28 06:58:00,029 [INFO] IPUIPlugin:80 - create IPUIPlugin
2024-04-28 06:58:00,029 [INFO] PluginManager:220 - loadIPPluginJar : add ts
2024-04-28 06:58:00,046 [INFO] IPUIPlugin:80 - create IPUIPlugin
2024-04-28 06:58:00,046 [INFO] PluginManager:220 - loadIPPluginJar : add tsc
2024-04-28 06:58:00,063 [INFO] IPUIPlugin:80 - create IPUIPlugin
2024-04-28 06:58:00,063 [INFO] PluginManager:220 - loadIPPluginJar : add ucpd
2024-04-28 06:58:00,094 [INFO] IPUIPlugin:80 - create IPUIPlugin
2024-04-28 06:58:00,094 [INFO] PluginManager:220 - loadIPPluginJar : add usart
2024-04-28 06:58:00,125 [INFO] IPUIPlugin:80 - create IPUIPlugin
2024-04-28 06:58:00,125 [INFO] PluginManager:220 - loadIPPluginJar : add usbx
2024-04-28 06:58:00,239 [INFO] CADModel:165 - CPN selected for project level
2024-04-28 06:58:00,240 [INFO] CADModel:114 - Register for checkConnection events
2024-04-28 06:58:00,240 [FATAL] Updater:308 - Updater called before beeing initialized
2024-04-28 06:58:00,240 [ERROR] CADModel:125 - Updater not yet initialized, retry later 
2024-04-28 06:58:00,402 [INFO] CADModel:165 - CPN selected for project level
2024-04-28 06:58:00,402 [INFO] CADModel:114 - Register for checkConnection events
2024-04-28 06:58:00,402 [FATAL] Updater:308 - Updater called before beeing initialized
2024-04-28 06:58:00,402 [ERROR] CADModel:125 - Updater not yet initialized, retry later 
2024-04-28 06:58:00,405 [FATAL] Updater:308 - Updater called before beeing initialized
2024-04-28 06:58:00,492 [FATAL] Updater:308 - Updater called before beeing initialized
2024-04-28 06:58:00,501 [INFO] DbMcusAds:53 - JSON generation date=Thu Sep 30 08:55:09 CEST 2021 (1632984909247)
2024-04-28 06:58:00,503 [FATAL] Updater:308 - Updater called before beeing initialized
2024-04-28 06:58:00,570 [WARN] DetailPanel:346 - Failed to get advertising image, set to default
2024-04-28 06:58:00,644 [FATAL] Updater:308 - Updater called before beeing initialized
2024-04-28 06:58:00,646 [FATAL] Updater:308 - Updater called before beeing initialized
2024-04-28 06:58:00,646 [FATAL] Updater:308 - Updater called before beeing initialized
2024-04-28 06:58:00,646 [WARN] DetailPanel:346 - Failed to get advertising image, set to default
2024-04-28 06:58:00,646 [FATAL] Updater:308 - Updater called before beeing initialized
2024-04-28 06:58:00,695 [ERROR] Updater:1120 - MainUpdater not yet initialized. External WinMGr cannot be set.
2024-04-28 06:58:00,704 [INFO] Updater:1056 - Updater Version found : 6.11.0
2024-04-28 06:58:00,720 [INFO] ApplicationProperties:184 - Using Application install path: C:\ST\STM32CubeIDE_1.15.0\STM32CubeIDE\plugins\com.st.stm32cube.common.mx_6.11.0.202403141607
2024-04-28 06:58:01,346 [INFO] ThirdPartyUpdaterWithRetryManager:70 - Updater plugin not ready yet. [2/15]
2024-04-28 06:58:02,292 [ERROR] LogOutputStream:75 - [STDERR_REDIRECT] Apr 28, 2024 6:58:02 AM java.util.prefs.WindowsPreferences <init>
2024-04-28 06:58:02,293 [ERROR] LogOutputStream:75 - [STDERR_REDIRECT] WARNING: Could not open/create prefs root node Software\JavaSoft\Prefs at root 0xffffffff80000002. Windows RegCreateKeyEx(...) returned error code 5.
2024-04-28 06:58:02,293 [ERROR] LogOutputStream:75 - [STDERR_REDIRECT] 
2024-04-28 06:58:02,845 [INFO] MainUpdater:2873 - connection check result : 10
2024-04-28 06:58:02,845 [INFO] MainUpdater:290 - Updater Check For Update Now.
2024-04-28 06:58:02,845 [INFO] MicroXplorer:498 - Change Database Version : DB.6.0.110
2024-04-28 06:58:02,860 [INFO] McuFinderGlobals:63 - Set McuFinder mode to 2 (CubeIDE integrated)
2024-04-28 06:58:02,878 [INFO] UserAuth:415 - Internet connection configuration mode: 1
2024-04-28 06:58:02,912 [INFO] JxBrowserEngine:152 - Initiate JxBrowser Engine with user profile folder
2024-04-28 06:58:03,035 [INFO] CheckServerUpdateThread:120 - End of CheckServer Thread
2024-04-28 06:58:04,490 [WARN] PackLoader:240 - Cannot read IP mode file for STMicroelectronics.FP-SNS-MOTENVWB1.1.4.0
2024-04-28 06:58:04,503 [WARN] PackLoader:240 - Cannot read IP mode file for STMicroelectronics.X-CUBE-SMBUS.2.1.0
2024-04-28 06:58:04,514 [WARN] PackLoader:240 - Cannot read IP mode file for STMicroelectronics.X-CUBE-TOUCHGFX.4.23.0
2024-04-28 06:58:04,525 [WARN] PackLoader:240 - Cannot read IP mode file for STMicroelectronics.X-CUBE-TOUCHGFX.4.23.2
2024-04-28 06:58:04,559 [WARN] PackLoader:240 - Cannot read IP mode file for STMicroelectronics.X-CUBE-AZRTOS-F7.1.1.0
2024-04-28 06:58:04,576 [WARN] PackLoader:240 - Cannot read IP mode file for STMicroelectronics.FP-SNS-MOTENV1.4.3.2
2024-04-28 06:58:04,590 [WARN] PackLoader:240 - Cannot read IP mode file for STMicroelectronics.FP-SNS-FLIGHT1.5.0.2
2024-04-28 06:58:04,605 [WARN] PackLoader:240 - Cannot read IP mode file for STMicroelectronics.X-CUBE-DISPLAY.3.0.0
2024-04-28 06:58:04,623 [WARN] PackLoader:240 - Cannot read IP mode file for STMicroelectronics.X-CUBE-BLE1.7.0.0
2024-04-28 06:58:04,635 [WARN] PackLoader:240 - Cannot read IP mode file for emotas.I-CUBE-CANOPEN.1.3.0
2024-04-28 06:58:04,653 [WARN] PackLoader:240 - Cannot read IP mode file for STMicroelectronics.X-CUBE-BLEMGR.3.1.0
2024-04-28 06:58:04,667 [WARN] PackLoader:240 - Cannot read IP mode file for STMicroelectronics.FP-SNS-SMARTAG2.1.2.0
2024-04-28 06:58:04,684 [INFO] LogOutputStream:77 - [STDOUT_REDIRECT] 1 : Invalid condition id : UX_CORESTACK_Condition cause : null
2024-04-28 06:58:04,685 [INFO] LogOutputStream:77 - [STDOUT_REDIRECT] 1 : Invalid condition id : UX_CORESTACK_Condition cause : null
2024-04-28 06:58:04,686 [INFO] LogOutputStream:77 - [STDOUT_REDIRECT] 1 : Invalid condition id : UX_CORESTACK_Condition cause : null
2024-04-28 06:58:04,687 [INFO] LogOutputStream:77 - [STDOUT_REDIRECT] 1 : Invalid condition id : UX_CORESTACK_Condition cause : null
2024-04-28 06:58:04,688 [INFO] LogOutputStream:77 - [STDOUT_REDIRECT] 1 : Invalid condition id : UX_CORESTACK_Condition cause : null
2024-04-28 06:58:04,691 [WARN] PackLoader:240 - Cannot read IP mode file for STMicroelectronics.X-CUBE-AZRTOS-WL.2.0.0
2024-04-28 06:58:04,702 [WARN] PackLoader:240 - Cannot read IP mode file for STMicroelectronics.FP-SNS-MOTENV1.5.0.0
2024-04-28 06:58:04,715 [WARN] PackLoader:240 - Cannot read IP mode file for WES.I-CUBE-Cesium.1.3.0
2024-04-28 06:58:04,726 [WARN] PackLoader:240 - Cannot read IP mode file for STMicroelectronics.X-CUBE-BLE2.3.3.0
2024-04-28 06:58:04,739 [WARN] PackLoader:240 - Cannot read IP mode file for STMicroelectronics.X-CUBE-TCPP.4.1.0
2024-04-28 06:58:04,751 [WARN] PackLoader:240 - Cannot read IP mode file for STMicroelectronics.X-CUBE-ALGOBUILD.1.3.0
2024-04-28 06:58:04,773 [WARN] PackLoader:240 - Cannot read IP mode file for STMicroelectronics.X-CUBE-AZRTOS-G0.1.1.0
2024-04-28 06:58:04,791 [WARN] PackLoader:240 - Cannot read IP mode file for STMicroelectronics.X-CUBE-SAFEA1.1.2.2
2024-04-28 06:58:04,806 [WARN] PackLoader:240 - Cannot read IP mode file for STMicroelectronics.X-CUBE-NFC4.3.0.0
2024-04-28 06:58:04,824 [WARN] PackLoader:240 - Cannot read IP mode file for STMicroelectronics.X-CUBE-BLEMGR.3.0.0
2024-04-28 06:58:04,838 [WARN] PackLoader:240 - Cannot read IP mode file for STMicroelectronics.FP-ATR-SIGFOX1.3.2.0
2024-04-28 06:58:04,851 [WARN] PackLoader:240 - Cannot read IP mode file for STMicroelectronics.X-CUBE-EEPRMA1.5.1.0
2024-04-28 06:58:04,895 [WARN] PackLoader:240 - Cannot read IP mode file for SEGGER.I-CUBE-embOS.1.3.1
2024-04-28 06:58:04,933 [WARN] PackLoader:240 - Cannot read IP mode file for STMicroelectronics.X-CUBE-GNSS1.6.0.0
2024-04-28 06:58:04,958 [WARN] PackLoader:240 - Cannot read IP mode file for STMicroelectronics.X-CUBE-AZRTOS-F4.1.1.0
2024-04-28 06:58:04,974 [WARN] PackLoader:240 - Cannot read IP mode file for wolfSSL.I-CUBE-wolfSSL.5.6.4
2024-04-28 06:58:04,989 [WARN] PackLoader:240 - Cannot read IP mode file for STMicroelectronics.X-CUBE-FREERTOS.1.2.0
2024-04-28 06:58:05,014 [WARN] PackLoader:240 - Cannot read IP mode file for STMicroelectronics.X-CUBE-AZRTOS-L5.2.0.0
2024-04-28 06:58:05,030 [WARN] PackLoader:240 - Cannot read IP mode file for STMicroelectronics.X-CUBE-EEPRMA1.4.2.0
2024-04-28 06:58:05,046 [WARN] PackLoader:240 - Cannot read IP mode file for STMicroelectronics.X-CUBE-NFC6.3.1.0
2024-04-28 06:58:05,062 [WARN] PackLoader:240 - Cannot read IP mode file for ITTIA_DB.I-CUBE-ITTIADB.8.8.0
2024-04-28 06:58:05,075 [WARN] PackLoader:240 - Cannot read IP mode file for STMicroelectronics.X-CUBE-AI.9.0.0
2024-04-28 06:58:05,088 [WARN] PackLoader:240 - Cannot read IP mode file for STMicroelectronics.X-CUBE-NFC7.1.0.1
2024-04-28 06:58:05,104 [WARN] PackLoader:240 - Cannot read IP mode file for STMicroelectronics.X-CUBE-NFC6.3.0.0
2024-04-28 06:58:05,116 [WARN] PackLoader:240 - Cannot read IP mode file for STMicroelectronics.X-CUBE-AI.8.1.0
2024-04-28 06:58:05,142 [WARN] ConditionMgr:438 - getConditionDescription Invalid condition id : LAN8742 Phy interface Condition cause : null
2024-04-28 06:58:05,143 [WARN] PackLoader:240 - Cannot read IP mode file for STMicroelectronics.X-CUBE-AZRTOS-L4.2.0.0
2024-04-28 06:58:05,144 [WARN] ConditionMgr:1039 - genDependencies : Invalid condition id : LAN8742 Phy interface Condition cause : null
2024-04-28 06:58:05,144 [WARN] ConditionMgr:1039 - genDependencies : Invalid condition id : LAN8742 Phy interface Condition cause : null
2024-04-28 06:58:05,144 [WARN] ConditionMgr:1039 - genDependencies : Invalid condition id : LAN8742 Phy interface Condition cause : null
2024-04-28 06:58:05,159 [WARN] PackLoader:240 - Cannot read IP mode file for STMicroelectronics.X-CUBE-SFXS2LP1.4.0.0
2024-04-28 06:58:05,182 [WARN] ConditionMgr:438 - getConditionDescription Invalid condition id : UX DEVICE CLASS RTOS Condition cause : null
2024-04-28 06:58:05,182 [WARN] ConditionMgr:438 - getConditionDescription Invalid condition id : UX DEVICE CLASS RTOS Condition cause : null
2024-04-28 06:58:05,183 [WARN] PackLoader:240 - Cannot read IP mode file for STMicroelectronics.X-CUBE-AZRTOS-WB.2.0.0
2024-04-28 06:58:05,183 [WARN] ConditionMgr:1039 - genDependencies : Invalid condition id : UX DEVICE CLASS RTOS Condition cause : null
2024-04-28 06:58:05,184 [WARN] ConditionMgr:1039 - genDependencies : Invalid condition id : UX DEVICE CLASS RTOS Condition cause : null
2024-04-28 06:58:05,184 [WARN] ConditionMgr:1039 - genDependencies : Invalid condition id : UX DEVICE CLASS RTOS Condition cause : null
2024-04-28 06:58:05,185 [WARN] ConditionMgr:1039 - genDependencies : Invalid condition id : UX DEVICE CLASS RTOS Condition cause : null
2024-04-28 06:58:05,185 [WARN] ConditionMgr:1039 - genDependencies : Invalid condition id : UX DEVICE CLASS RTOS Condition cause : null
2024-04-28 06:58:05,204 [WARN] PackLoader:240 - Cannot read IP mode file for STMicroelectronics.X-CUBE-SUBG2.5.0.0
2024-04-28 06:58:05,241 [WARN] PackLoader:240 - Cannot read IP mode file for STMicroelectronics.X-CUBE-AZRTOS-G4.2.0.0
2024-04-28 06:58:05,264 [WARN] PackLoader:240 - Cannot read IP mode file for Infineon.AIROC-Wi-Fi-Bluetooth-STM32.1.5.1
2024-04-28 06:58:05,278 [WARN] PackLoader:240 - Cannot read IP mode file for STMicroelectronics.FP-SNS-MOTENVWB1.1.3.1
2024-04-28 06:58:05,290 [WARN] PackLoader:240 - Cannot read IP mode file for STMicroelectronics.X-CUBE-ISPU.2.0.0
2024-04-28 06:58:05,330 [WARN] PackLoader:240 - Cannot read IP mode file for STMicroelectronics.X-CUBE-MEMS1.10.0.0
2024-04-28 06:58:05,405 [WARN] PackLoader:240 - Cannot read IP mode file for STMicroelectronics.X-CUBE-FREERTOS.1.1.0
2024-04-28 06:58:05,419 [WARN] PackLoader:240 - Cannot read IP mode file for portGmbH.I-Cube-SoM-uGOAL.1.1.0
2024-04-28 06:58:05,431 [WARN] PackLoader:240 - Cannot read IP mode file for STMicroelectronics.X-CUBE-ALS.1.0.1
2024-04-28 06:58:05,455 [WARN] PackLoader:240 - Cannot read IP mode file for STMicroelectronics.X-CUBE-AZRTOS-H7RS.1.0.0
2024-04-28 06:58:05,471 [WARN] PackLoader:240 - Cannot read IP mode file for STMicroelectronics.FP-ATR-ASTRA1.2.0.0
2024-04-28 06:58:05,489 [WARN] PackLoader:240 - Cannot read IP mode file for STMicroelectronics.X-CUBE-TOF1.3.4.0
2024-04-28 06:58:05,511 [WARN] PackLoader:240 - Cannot read IP mode file for STMicroelectronics.X-CUBE-TOF1.3.4.1
2024-04-28 06:58:05,539 [WARN] PackLoader:240 - Cannot read IP mode file for STMicroelectronics.X-CUBE-AZRTOS-H7.3.2.0
2024-04-28 06:58:05,542 [INFO] ThirdParty:978 - Integrity check success = true
2024-04-28 06:58:05,542 [INFO] IntegrityCheckThread:100 - exiting critical section [integrity check]
2024-04-28 06:58:05,542 [INFO] IntegrityCheckThread:103 - End integrity checks thread
2024-04-28 06:58:07,263 [INFO] WebApp:161 - Instantiating new browser for Auth
2024-04-28 06:58:07,777 [INFO] WebApp:779 - Register for checkConnection events
2024-04-28 06:58:07,777 [INFO] WebApp:414 - Apply proxy settings
2024-04-28 06:58:07,777 [INFO] WebApp:499 - Chromium requires no authentication
2024-04-28 06:58:07,785 [INFO] WebApp:442 - Direct internet connection detected
2024-04-28 06:58:07,951 [INFO] WebApp:192 - Starting web application
2024-04-28 06:58:07,951 [INFO] WebApp:544 - Web application path used C:\ST\STM32CubeIDE_1.15.0\STM32CubeIDE\plugins\com.st.stm32cube.common.mx_6.11.0.202403141607\db\plugins\mcufinder\reactClient1\index.html
2024-04-28 07:09:23,149 [ERROR] LogOutputStream:75 - [STDERR_REDIRECT] 
